TN:
SF:e:\Github\BlackOrWhite\index.js
FNF:0
FNH:0
DA:3,1
LF:1
LH:1
BRF:0
BRH:0
end_of_record
TN:
SF:e:\Github\BlackOrWhite\src\index.js
FN:6,(anonymous_0)
FN:29,(anonymous_1)
FN:39,(anonymous_2)
FN:42,(anonymous_3)
FN:54,(anonymous_4)
FNF:5
FNH:5
FNDA:8,(anonymous_0)
FNDA:48,(anonymous_1)
FNDA:8,(anonymous_2)
FNDA:6,(anonymous_3)
FNDA:8,(anonymous_4)
DA:3,1
DA:7,8
DA:13,8
DA:25,8
DA:28,8
DA:29,48
DA:32,8
DA:33,8
DA:36,8
DA:41,8
DA:42,8
DA:43,6
DA:46,8
DA:47,8
DA:55,8
DA:57,8
DA:59,8
DA:63,1
LF:18
LH:18
BRDA:6,0,0,4
BRDA:6,1,0,4
BRDA:6,2,0,8
BRDA:28,3,0,6
BRDA:28,3,1,2
BRDA:47,4,0,8
BRDA:47,4,1,0
BRDA:54,5,0,0
BRDA:59,6,0,4
BRDA:59,6,1,4
BRF:10
BRH:8
end_of_record
